[3.632s] DEBUG:colcon:Command line arguments: ['/usr/bin/colcon', 'build']
[3.632s] DEBUG:colcon:Parsed command line arguments: Namespace(log_base=None, log_level=None, verb_name='build', build_base='build', install_base='install', merge_install=False, symlink_install=False, test_result_base=None, continue_on_error=False, executor='parallel', parallel_workers=8, event_handlers=None, ignore_user_meta=False, metas=['./colcon.meta'], base_paths=['.'], packages_ignore=None, packages_ignore_regex=None, paths=None, packages_up_to=None, packages_up_to_regex=None, packages_above=None, packages_above_and_dependencies=None, packages_above_depth=None, packages_select_by_dep=None, packages_skip_by_dep=None, packages_skip_up_to=None, packages_select_build_failed=False, packages_skip_build_finished=False, packages_select_test_failures=False, packages_skip_test_passed=False, packages_select=None, packages_skip=None, packages_select_regex=None, packages_skip_regex=None, packages_start=None, packages_end=None, allow_overriding=[], cmake_args=None, cmake_target=None, cmake_target_skip_unavailable=False, cmake_clean_cache=False, cmake_clean_first=False, cmake_force_configure=False, ament_cmake_args=None, catkin_cmake_args=None, catkin_skip_building_tests=False, verb_parser=<colcon_defaults.argument_parser.defaults.DefaultArgumentsDecorator object at 0x7ff4b744af80>, verb_extension=<colcon_core.verb.build.BuildVerb object at 0x7ff4b755af80>, main=<bound method BuildVerb.main of <colcon_core.verb.build.BuildVerb object at 0x7ff4b755af80>>)
[4.046s] Level 1:colcon.colcon_core.package_discovery:discover_packages(colcon_meta) check parameters
[4.046s] Level 1:colcon.colcon_core.package_discovery:discover_packages(recursive) check parameters
[4.046s] Level 1:colcon.colcon_core.package_discovery:discover_packages(ignore) check parameters
[4.046s] Level 1:colcon.colcon_core.package_discovery:discover_packages(path) check parameters
[4.046s] Level 1:colcon.colcon_core.package_discovery:discover_packages(colcon_meta) discover
[4.046s] Level 1:colcon.colcon_core.package_discovery:discover_packages(recursive) discover
[4.046s] INFO:colcon.colcon_core.package_discovery:Crawling recursively for packages in '/home/alex/Documents/student_promobot'
[4.046s] Level 1:colcon.colcon_core.package_identification:_identify(.) by extensions ['ignore', 'ignore_ament_install']
[4.046s] Level 1:colcon.colcon_core.package_identification:_identify(.) by extension 'ignore'
[4.046s] Level 1:colcon.colcon_core.package_identification:_identify(.) by extension 'ignore_ament_install'
[4.046s] Level 1:colcon.colcon_core.package_identification:_identify(.) by extensions ['colcon_pkg']
[4.047s] Level 1:colcon.colcon_core.package_identification:_identify(.) by extension 'colcon_pkg'
[4.047s] Level 1:colcon.colcon_core.package_identification:_identify(.) by extensions ['colcon_meta']
[4.047s] Level 1:colcon.colcon_core.package_identification:_identify(.) by extension 'colcon_meta'
[4.047s] Level 1:colcon.colcon_core.package_identification:_identify(.) by extensions ['ros']
[4.047s] Level 1:colcon.colcon_core.package_identification:_identify(.) by extension 'ros'
[4.121s] Level 1:colcon.colcon_core.package_identification:_identify(.) by extensions ['cmake', 'python']
[4.121s] Level 1:colcon.colcon_core.package_identification:_identify(.) by extension 'cmake'
[4.121s] Level 1:colcon.colcon_core.package_identification:_identify(.) by extension 'python'
[4.121s] Level 1:colcon.colcon_core.package_identification:_identify(.) by extensions ['python_setup_py']
[4.121s] Level 1:colcon.colcon_core.package_identification:_identify(.) by extension 'python_setup_py'
[4.122s] Level 1:colcon.colcon_core.package_identification:_identify(build) by extensions ['ignore', 'ignore_ament_install']
[4.122s] Level 1:colcon.colcon_core.package_identification:_identify(build) by extension 'ignore'
[4.122s] Level 1:colcon.colcon_core.package_identification:_identify(build) ignored
[4.122s] Level 1:colcon.colcon_core.package_identification:_identify(install) by extensions ['ignore', 'ignore_ament_install']
[4.123s] Level 1:colcon.colcon_core.package_identification:_identify(install) by extension 'ignore'
[4.123s] Level 1:colcon.colcon_core.package_identification:_identify(install) ignored
[4.123s] Level 1:colcon.colcon_core.package_identification:_identify(log) by extensions ['ignore', 'ignore_ament_install']
[4.123s] Level 1:colcon.colcon_core.package_identification:_identify(log) by extension 'ignore'
[4.124s] Level 1:colcon.colcon_core.package_identification:_identify(log) ignored
[4.124s] Level 1:colcon.colcon_core.package_discovery:discover_packages(recursive) using defaults
[4.124s] Level 1:colcon.colcon_core.package_discovery:discover_packages(ignore) discover
[4.124s] Level 1:colcon.colcon_core.package_discovery:discover_packages(ignore) using defaults
[4.124s] Level 1:colcon.colcon_core.package_discovery:discover_packages(path) discover
[4.124s] Level 1:colcon.colcon_core.package_discovery:discover_packages(path) using defaults
[4.412s] Level 1:colcon.colcon_core.package_discovery:discover_packages(prefix_path) check parameters
[4.412s] Level 1:colcon.colcon_core.package_discovery:discover_packages(prefix_path) discover
[4.416s] Level 1:colcon.colcon_core.package_discovery:discover_packages(prefix_path) using defaults
[4.433s] INFO:colcon.colcon_core.executor:Executing jobs using 'parallel' executor
[4.445s] DEBUG:colcon.colcon_parallel_executor.executor.parallel:run_until_complete
[4.445s] DEBUG:colcon.colcon_parallel_executor.executor.parallel:closing loop
[4.446s] DEBUG:colcon.colcon_parallel_executor.executor.parallel:loop closed
[4.446s] DEBUG:colcon.colcon_parallel_executor.executor.parallel:run_until_complete finished with '0'
[4.446s] DEBUG:colcon.colcon_core.event_reactor:joining thread
[4.470s] INFO:colcon.colcon_core.plugin_system:Skipping extension 'colcon_notification.desktop_notification.terminal_notifier': Not used on non-Darwin systems
[4.470s] INFO:colcon.colcon_core.plugin_system:Skipping extension 'colcon_notification.desktop_notification.win32': Not used on non-Windows systems
[4.470s] INFO:colcon.colcon_notification.desktop_notification:Sending desktop notification using 'notify2'
[4.494s] DEBUG:colcon.colcon_core.event_reactor:joined thread
[4.542s] INFO:colcon.colcon_core.plugin_system:Skipping extension 'colcon_core.shell.bat': Not used on non-Windows systems
[4.543s] INFO:colcon.colcon_core.shell:Creating prefix script '/home/alex/Documents/student_promobot/install/local_setup.ps1'
[4.546s] INFO:colcon.colcon_core.shell:Creating prefix util module '/home/alex/Documents/student_promobot/install/_local_setup_util_ps1.py'
[4.550s] INFO:colcon.colcon_core.shell:Creating prefix chain script '/home/alex/Documents/student_promobot/install/setup.ps1'
[4.554s] INFO:colcon.colcon_core.shell:Creating prefix script '/home/alex/Documents/student_promobot/install/local_setup.sh'
[4.555s] INFO:colcon.colcon_core.shell:Creating prefix util module '/home/alex/Documents/student_promobot/install/_local_setup_util_sh.py'
[4.556s] INFO:colcon.colcon_core.shell:Creating prefix chain script '/home/alex/Documents/student_promobot/install/setup.sh'
[4.559s] INFO:colcon.colcon_core.shell:Creating prefix script '/home/alex/Documents/student_promobot/install/local_setup.bash'
[4.560s] INFO:colcon.colcon_core.shell:Creating prefix chain script '/home/alex/Documents/student_promobot/install/setup.bash'
[4.563s] INFO:colcon.colcon_core.shell:Creating prefix script '/home/alex/Documents/student_promobot/install/local_setup.zsh'
[4.564s] INFO:colcon.colcon_core.shell:Creating prefix chain script '/home/alex/Documents/student_promobot/install/setup.zsh'
