[0.022s] Invoking command in '/home/alex/Documents/student_promobot/build/cpp_pubsub': CMAKE_PREFIX_PATH=/opt/ros/humble /usr/bin/cmake /home/alex/Documents/student_promobot/cpp_pubsub -DCMAKE_INSTALL_PREFIX=/home/alex/Documents/student_promobot/install/cpp_pubsub
[0.088s] -- The C compiler identification is GNU 11.3.0
[0.945s] -- The CXX compiler identification is GNU 11.3.0
[1.055s] -- Detecting C compiler ABI info
[1.393s] -- Detecting C compiler ABI info - done
[1.404s] -- Check for working C compiler: /usr/bin/cc - skipped
[1.404s] -- Detecting C compile features
[1.436s] -- Detecting C compile features - done
[1.474s] -- Detecting CXX compiler ABI info
[1.676s] -- Detecting CXX compiler ABI info - done
[1.686s] -- Check for working CXX compiler: /usr/bin/c++ - skipped
[1.686s] -- Detecting CXX compile features
[1.687s] -- Detecting CXX compile features - done
[1.806s] -- Found ament_cmake: 1.3.5 (/opt/ros/humble/share/ament_cmake/cmake)
[2.192s] -- Found Python3: /usr/bin/python3.10 (found version "3.10.6") found components: Interpreter 
[2.491s] -- Found rclcpp: 16.0.4 (/opt/ros/humble/share/rclcpp/cmake)
[2.856s] -- Found rosidl_generator_c: 3.1.4 (/opt/ros/humble/share/rosidl_generator_c/cmake)
[2.885s] -- Found rosidl_adapter: 3.1.4 (/opt/ros/humble/share/rosidl_adapter/cmake)
[2.925s] -- Found rosidl_generator_cpp: 3.1.4 (/opt/ros/humble/share/rosidl_generator_cpp/cmake)
[3.015s] -- Using all available rosidl_typesupport_c: rosidl_typesupport_fastrtps_c;rosidl_typesupport_introspection_c
[3.107s] -- Using all available rosidl_typesupport_cpp: rosidl_typesupport_fastrtps_cpp;rosidl_typesupport_introspection_cpp
[3.427s] -- Found rmw_implementation_cmake: 6.1.1 (/opt/ros/humble/share/rmw_implementation_cmake/cmake)
[3.448s] -- Found rmw_fastrtps_cpp: 6.2.2 (/opt/ros/humble/share/rmw_fastrtps_cpp/cmake)
[3.996s] -- Found OpenSSL: /usr/lib/x86_64-linux-gnu/libcrypto.so (found version "3.0.2")  
[4.089s] -- Found FastRTPS: /opt/ros/humble/include  
[4.162s] -- Using RMW implementation 'rmw_fastrtps_cpp' as default
[5.405s] -- Looking for pthread.h
[5.560s] -- Looking for pthread.h - found
[5.561s] -- Performing Test CMAKE_HAVE_LIBC_PTHREAD
[5.669s] -- Performing Test CMAKE_HAVE_LIBC_PTHREAD - Success
[5.671s] -- Found Threads: TRUE  
[6.349s] -- Configuring done
[6.404s] -- Generating done
[6.406s] -- Build files have been written to: /home/alex/Documents/student_promobot/build/cpp_pubsub
[6.419s] Invoked command in '/home/alex/Documents/student_promobot/build/cpp_pubsub' returned '0': CMAKE_PREFIX_PATH=/opt/ros/humble /usr/bin/cmake /home/alex/Documents/student_promobot/cpp_pubsub -DCMAKE_INSTALL_PREFIX=/home/alex/Documents/student_promobot/install/cpp_pubsub
[6.421s] Invoking command in '/home/alex/Documents/student_promobot/build/cpp_pubsub': CMAKE_PREFIX_PATH=/opt/ros/humble /usr/bin/cmake --build /home/alex/Documents/student_promobot/build/cpp_pubsub -- -j8 -l8
[6.492s] [ 50%] [32mBuilding CXX object CMakeFiles/talker.dir/src/publisher_hello.cpp.o[0m
[13.074s] [01m[K/home/alex/Documents/student_promobot/cpp_pubsub/src/publisher_hello.cpp:14:1:[m[K [01;31m[Kerror: [m[Kexpected ‘[01m[K{[m[K’ before ‘[01m[Kpublic[m[K’
[13.074s]    14 | [01;31m[Kpublic[m[K:
[13.074s]       | [01;31m[K^~~~~~[m[K
[13.074s] [01m[K/home/alex/Documents/student_promobot/cpp_pubsub/src/publisher_hello.cpp:14:1:[m[K [01;31m[Kerror: [m[Kexpected unqualified-id before ‘[01m[Kpublic[m[K’
[13.074s] [01m[K/home/alex/Documents/student_promobot/cpp_pubsub/src/publisher_hello.cpp:22:1:[m[K [01;31m[Kerror: [m[Kexpected unqualified-id before ‘[01m[Kprivate[m[K’
[13.074s]    22 | [01;31m[Kprivate[m[K:
[13.074s]       | [01;31m[K^~~~~~~[m[K
[13.089s] [01m[K/home/alex/Documents/student_promobot/cpp_pubsub/src/publisher_hello.cpp:[m[K In function ‘[01m[Kint main(int, char**)[m[K’:
[13.089s] [01m[K/home/alex/Documents/student_promobot/cpp_pubsub/src/publisher_hello.cpp:40:15:[m[K [01;31m[Kerror: [m[Kno matching function for call to ‘[01m[Kspin(std::shared_ptr<MinimalPublisher>)[m[K’
[13.089s]    40 |   [01;31m[Krclcpp::spin(std::make_shared<MinimalPublisher>())[m[K;
[13.089s]       |   [01;31m[K~~~~~~~~~~~~^~~~~~~~~~~~~~~~~~~~~~~~~~~~~~~~~~~~~~[m[K
[13.089s] In file included from [01m[K/opt/ros/humble/include/rclcpp/rclcpp/rclcpp.hpp:155[m[K,
[13.089s]                  from [01m[K/home/alex/Documents/student_promobot/cpp_pubsub/src/publisher_hello.cpp:8[m[K:
[13.090s] [01m[K/opt/ros/humble/include/rclcpp/rclcpp/executors.hpp:45:1:[m[K [01;36m[Knote: [m[Kcandidate: ‘[01m[Kvoid rclcpp::spin(rclcpp::node_interfaces::NodeBaseInterface::SharedPtr)[m[K’
[13.090s]    45 | [01;36m[Kspin[m[K(rclcpp::node_interfaces::NodeBaseInterface::SharedPtr node_ptr);
[13.090s]       | [01;36m[K^~~~[m[K
[13.099s] [01m[K/opt/ros/humble/include/rclcpp/rclcpp/executors.hpp:45:60:[m[K [01;36m[Knote: [m[K  no known conversion for argument 1 from ‘[01m[Kshared_ptr<[01;32m[KMinimalPublisher[m[K>[m[K’ to ‘[01m[Kshared_ptr<[01;32m[Krclcpp::node_interfaces::NodeBaseInterface[m[K>[m[K’
[13.099s]    45 | spin([01;36m[Krclcpp::node_interfaces::NodeBaseInterface::SharedPtr node_ptr[m[K);
[13.099s]       |      [01;36m[K~~~~~~~~~~~~~~~~~~~~~~~~~~~~~~~~~~~~~~~~~~~~~~~~~~~~~~^~~~~~~~[m[K
[13.099s] [01m[K/opt/ros/humble/include/rclcpp/rclcpp/executors.hpp:49:1:[m[K [01;36m[Knote: [m[Kcandidate: ‘[01m[Kvoid rclcpp::spin(rclcpp::Node::SharedPtr)[m[K’
[13.099s]    49 | [01;36m[Kspin[m[K(rclcpp::Node::SharedPtr node_ptr);
[13.100s]       | [01;36m[K^~~~[m[K
[13.100s] [01m[K/opt/ros/humble/include/rclcpp/rclcpp/executors.hpp:49:30:[m[K [01;36m[Knote: [m[K  no known conversion for argument 1 from ‘[01m[Kshared_ptr<[01;32m[KMinimalPublisher[m[K>[m[K’ to ‘[01m[Kshared_ptr<[01;32m[Krclcpp::Node[m[K>[m[K’
[13.100s]    49 | spin([01;36m[Krclcpp::Node::SharedPtr node_ptr[m[K);
[13.100s]       |      [01;36m[K~~~~~~~~~~~~~~~~~~~~~~~~^~~~~~~~[m[K
[13.745s] In file included from [01m[K/usr/include/c++/11/unordered_map:42[m[K,
[13.745s]                  from [01m[K/usr/include/c++/11/functional:61[m[K,
[13.745s]                  from [01m[K/home/alex/Documents/student_promobot/cpp_pubsub/src/publisher_hello.cpp:4[m[K:
[13.745s] /usr/include/c++/11/ext/aligned_buffer.h: In instantiation of ‘[01m[Kstruct __gnu_cxx::__aligned_buffer<MinimalPublisher>[m[K’:
[13.745s] [01m[K/usr/include/c++/11/bits/shared_ptr_base.h:506:35:[m[K   required from ‘[01m[Kclass std::_Sp_counted_ptr_inplace<MinimalPublisher, std::allocator<MinimalPublisher>, __gnu_cxx::_S_atomic>::_Impl[m[K’
[13.746s] [01m[K/usr/include/c++/11/bits/shared_ptr_base.h:567:13:[m[K   required from ‘[01m[Kclass std::_Sp_counted_ptr_inplace<MinimalPublisher, std::allocator<MinimalPublisher>, __gnu_cxx::_S_atomic>[m[K’
[13.746s] [01m[K/usr/include/c++/11/bits/shared_ptr_base.h:647:43:[m[K   required from ‘[01m[Kstd::__shared_count<_Lp>::__shared_count(_Tp*&, std::_Sp_alloc_shared_tag<_Alloc>, _Args&& ...) [with _Tp = MinimalPublisher; _Alloc = std::allocator<MinimalPublisher>; _Args = {}; __gnu_cxx::_Lock_policy _Lp = __gnu_cxx::_S_atomic][m[K’
[13.746s] [01m[K/usr/include/c++/11/bits/shared_ptr_base.h:1342:14:[m[K   required from ‘[01m[Kstd::__shared_ptr<_Tp, _Lp>::__shared_ptr(std::_Sp_alloc_shared_tag<_Tp>, _Args&& ...) [with _Alloc = std::allocator<MinimalPublisher>; _Args = {}; _Tp = MinimalPublisher; __gnu_cxx::_Lock_policy _Lp = __gnu_cxx::_S_atomic][m[K’
[13.746s] [01m[K/usr/include/c++/11/bits/shared_ptr.h:409:59:[m[K   required from ‘[01m[Kstd::shared_ptr<_Tp>::shared_ptr(std::_Sp_alloc_shared_tag<_Tp>, _Args&& ...) [with _Alloc = std::allocator<MinimalPublisher>; _Args = {}; _Tp = MinimalPublisher][m[K’
[13.746s] [01m[K/usr/include/c++/11/bits/shared_ptr.h:862:14:[m[K   required from ‘[01m[Kstd::shared_ptr<_Tp> std::allocate_shared(const _Alloc&, _Args&& ...) [with _Tp = MinimalPublisher; _Alloc = std::allocator<MinimalPublisher>; _Args = {}][m[K’
[13.746s] [01m[K/usr/include/c++/11/bits/shared_ptr.h:878:39:[m[K   required from ‘[01m[Kstd::shared_ptr<_Tp> std::make_shared(_Args&& ...) [with _Tp = MinimalPublisher; _Args = {}][m[K’
[13.746s] [01m[K/home/alex/Documents/student_promobot/cpp_pubsub/src/publisher_hello.cpp:40:50:[m[K   required from here
[13.746s] [01m[K/usr/include/c++/11/ext/aligned_buffer.h:91:28:[m[K [01;31m[Kerror: [m[Kinvalid application of ‘[01m[Ksizeof[m[K’ to incomplete type ‘[01m[KMinimalPublisher[m[K’
[13.747s]    91 |     : std::aligned_storage<[01;31m[Ksizeof(_Tp)[m[K, __alignof__(_Tp)>
[13.747s]       |                            [01;31m[K^~~~~~~~~~~[m[K
[13.747s] [01m[K/usr/include/c++/11/ext/aligned_buffer.h:91:28:[m[K [01;31m[Kerror: [m[Kinvalid application of ‘[01m[Ksizeof[m[K’ to incomplete type ‘[01m[KMinimalPublisher[m[K’
[14.009s] gmake[2]: *** [CMakeFiles/talker.dir/build.make:76: CMakeFiles/talker.dir/src/publisher_hello.cpp.o] Error 1
[14.009s] gmake[1]: *** [CMakeFiles/Makefile2:137: CMakeFiles/talker.dir/all] Error 2
[14.009s] gmake: *** [Makefile:146: all] Error 2
[14.015s] Invoked command in '/home/alex/Documents/student_promobot/build/cpp_pubsub' returned '2': CMAKE_PREFIX_PATH=/opt/ros/humble /usr/bin/cmake --build /home/alex/Documents/student_promobot/build/cpp_pubsub -- -j8 -l8
